[blog-log] GET / 304 -
[blog-log] GET /css/style.css 304 -
[blog-log] GET /archive 304 -
[blog-log] GET /css/style.css 304 -
[blog-log] GET /release 200 -
[blog-log] GET /css/style.css 304 -
[blog-log] GET /archive 304 -
[blog-log] GET /css/style.css 304 -
[blog-log] GET /u/zbs 304 -
[blog-log] GET /css/style.css 304 -
[blog-log] GET / 304 -
[blog-log] GET /css/style.css 304 -
[blog-log] GET /tags 304 -
[blog-log] GET /css/style.css 304 -
[blog-log] GET /tags/%E5%8F%91 200 -
[blog-log] GET /css/style.css 304 -
[blog-log] GET /u/2/2017-9-29/%E4%B8%8D%E4%B8%8D%E4%B8%8D 200 -
[blog-log] GET /css/style.css 304 -
[blog-log] POST /u/2/2017-9-29/%E4%B8%8D%E4%B8%8D%E4%B8%8D 302 -
[blog-log] GET /u/2/2017-9-29/%E4%B8%8D%E4%B8%8D%E4%B8%8D 200 -
[blog-log] GET /css/style.css 304 -
[blog-log] GET /u/2/2017-9-29/%E4%B8%8D%E4%B8%8D%E4%B8%8D 200 -
[blog-log] GET /css/style.css 304 -
[blog-log] GET /u/2/2017-9-29/%E4%B8%8D%E4%B8%8D%E4%B8%8Dafasfdsa - -
[blog-log] GET /u/2/2017-9-29/%E4%B8%8D%E4%B8%8D%E4%B8%8Dafasfdsa 500 -
[blog-log] GET /u/2/2017-9-29/%E4%B8%8D%E4%B8%8D%E4%B8%8Dafasfdsa 500 -
[blog-log] GET /u/2/2017-9-29/%E4%B8%8D%E4%B8%8D%E4%B8%8Dafasfdsa - -
[blog-log] GET / 500 -
[blog-log] GET / 200 -
[blog-log] GET /css/style.css 304 -
[blog-log] GET / 304 -
[blog-log] GET /css/style.css 304 -
[blog-log] GET /archive 304 -
[blog-log] GET /css/style.css 304 -
[blog-log] GET /u/1/2017-9-29/aaaa 200 -
[blog-log] GET /css/style.css 304 -
[blog-log] GET /archive 304 -
[blog-log] GET /css/style.css 304 -
[blog-log] GET /u/2/2017-9-29/%E4%B8%8D%E4%B8%8D%E4%B8%8D 304 -
[blog-log] GET /css/style.css 304 -
[blog-log] GET /archive 304 -
[blog-log] GET /css/style.css 304 -
[blog-log] GET /upload 200 -
[blog-log] GET /css/style.css 304 -
[blog-log] GET /release 304 -
[blog-log] GET /css/style.css 304 -
[blog-log] GET /tags 304 -
[blog-log] GET /css/style.css 304 -
[blog-log] GET /tags/%E6%98%AF 200 -
[blog-log] GET /css/style.css 304 -
[blog-log] GET /u/2/2017-9-29/%E4%B8%8D%E4%B8%8D%E4%B8%8D 304 -
[blog-log] GET /css/style.css 304 -
[blog-log] GET / 200 -
[blog-log] GET /css/style.css 304 -
[blog-log] GET / 304 -
[blog-log] GET /css/style.css 304 -
[blog-log] GET /u/zbs 304 -
[blog-log] GET /css/style.css 304 -
[blog-log] GET / 304 -
[blog-log] GET /css/style.css 304 -
[blog-log] GET / 304 -
[blog-log] GET /css/style.css 304 -
[blog-log] GET /u/2/2017-9-29/%E4%B8%8D%E4%B8%8D%E4%B8%8D 304 -
[blog-log] GET /css/style.css 304 -
[blog-log] POST /u/2/2017-9-29/%E4%B8%8D%E4%B8%8D%E4%B8%8D 302 -
[blog-log] GET /u/2/2017-9-29/%E4%B8%8D%E4%B8%8D%E4%B8%8D 200 -
[blog-log] GET /css/style.css 304 -
[blog-log] GET /search?keyword=a 200 -
[blog-log] GET /css/style.css 304 -
[blog-log] GET / 200 -
[blog-log] GET /css/style.css 304 -
[blog-log] GET /u/zbs 304 -
[blog-log] GET /css/style.css 304 -
[blog-log] GET /archive 304 -
[blog-log] GET /css/style.css 304 -
[blog-log] GET /upload 304 -
[blog-log] GET /css/style.css 304 -
[blog-log] GET /release 304 -
[blog-log] GET /css/style.css 304 -
[blog-log] GET /tags 304 -
[blog-log] GET /css/style.css 304 -
[blog-log] GET /logout 302 -
[blog-log] GET / 200 -
[blog-log] GET /css/style.css 304 -
[blog-log] GET /u/2/2017-9-29/%E4%B8%8D%E4%B8%8D%E4%B8%8D 302 -
[blog-log] GET /login 200 -
[blog-log] GET /css/style.css 304 -
[blog-log] GET /u/2/2017-9-29/%E4%B8%8D%E4%B8%8D%E4%B8%8D 302 -
[blog-log] GET /login 304 -
[blog-log] GET /css/style.css 304 -
[blog-log] GET /u/2/2017-9-29/%E4%B8%8D%E4%B8%8D%E4%B8%8D 200 -
[blog-log] GET /css/style.css 304 -
[blog-log] POST /u/2/2017-9-29/%E4%B8%8D%E4%B8%8D%E4%B8%8D 302 -
[blog-log] GET /u/2/2017-9-29/%E4%B8%8D%E4%B8%8D%E4%B8%8D 200 -
[blog-log] GET /css/style.css 304 -
[blog-log] GET / 200 -
[blog-log] GET /css/style.css 304 -
[blog-log] GET /u/1/2017-9-29/aaaa 200 -
[blog-log] GET /css/style.css 304 -
